============================= test session starts ==============================
platform linux -- Python 3.12.3, pytest-9.0.2, pluggy-1.6.0 -- /home/dennis/priv/barricade/backend/.venv/bin/python3
cachedir: .pytest_cache
rootdir: /home/dennis/priv/barricade/backend
configfile: pyproject.toml
plugins: asyncio-1.3.0, anyio-4.12.1
asyncio: mode=Mode.AUTO, debug=False, asyncio_default_fixture_loop_scope=function, asyncio_default_test_loop_scope=function
collecting ... collected 39 items

tests/test_gitops_converter.py::TestConverter::test_roundtrip_preserves_fields PASSED [  2%]
tests/test_gitops_converter.py::TestConverter::test_batch_conversion PASSED [  5%]
tests/test_gitops_converter.py::TestConverter::test_spec_to_rule_sets_group_id PASSED [  7%]
tests/test_gitops_converter.py::TestConverter::test_none_ports_preserved PASSED [ 10%]
tests/test_gitops_converter.py::TestConverter::test_system_flag_preserved PASSED [ 12%]
tests/test_gitops_importer.py::TestImporter::test_import_creates_rules PASSED [ 15%]
tests/test_gitops_importer.py::TestImporter::test_invalid_yaml_sets_error PASSED [ 17%]
tests/test_gitops_importer.py::TestImporter::test_import_replaces_old_rules PASSED [ 20%]
tests/test_gitops_importer.py::TestImporter::test_import_non_gitops_group_rejected PASSED [ 23%]
tests/test_gitops_importer.py::TestImporter::test_import_nonexistent_group PASSED [ 25%]
tests/test_gitops_lockdown.py::TestGitOpsLockdown::test_write_blocked_on_gitops_group PASSED [ 28%]
tests/test_gitops_lockdown.py::TestGitOpsLockdown::test_read_allowed_on_gitops_group PASSED [ 30%]
tests/test_gitops_lockdown.py::TestGitOpsLockdown::test_write_allowed_when_gitops_disabled PASSED [ 33%]
tests/test_gitops_lockdown.py::TestGitOpsLockdown::test_delete_blocked_on_gitops_group PASSED [ 35%]
tests/test_gitops_lockdown.py::TestGitOpsLockdown::test_update_blocked_on_gitops_group PASSED [ 38%]
tests/test_gitops_pipeline.py::TestPipeline::test_task_imports PASSED    [ 41%]
tests/test_gitops_pipeline.py::TestPipeline::test_task_has_retries PASSED [ 43%]
tests/test_gitops_pipeline.py::TestPipeline::test_task_has_retry_delay PASSED [ 46%]
tests/test_gitops_pipeline.py::TestPipeline::test_task_is_bound PASSED   [ 48%]
tests/test_gitops_serializer.py::TestYAMLSerializer::test_valid_yaml_parses PASSED [ 51%]
tests/test_gitops_serializer.py::TestYAMLSerializer::test_port_single_int PASSED [ 53%]
tests/test_gitops_serializer.py::TestYAMLSerializer::test_port_range_string PASSED [ 56%]
tests/test_gitops_serializer.py::TestYAMLSerializer::test_invalid_action_rejected PASSED [ 58%]
tests/test_gitops_serializer.py::TestYAMLSerializer::test_unknown_keys_ignored PASSED [ 61%]
tests/test_gitops_serializer.py::TestYAMLSerializer::test_system_rules_stripped PASSED [ 64%]
tests/test_gitops_serializer.py::TestYAMLSerializer::test_empty_rules_list PASSED [ 66%]
tests/test_gitops_serializer.py::TestYAMLSerializer::test_invalid_yaml_syntax PASSED [ 69%]
tests/test_gitops_serializer.py::TestYAMLSerializer::test_non_mapping_yaml_rejected PASSED [ 71%]
tests/test_gitops_serializer.py::TestYAMLSerializer::test_invalid_port_range PASSED [ 74%]
tests/test_gitops_webhooks.py::TestWebhookSignatures::test_github_hmac_valid PASSED [ 76%]
tests/test_gitops_webhooks.py::TestWebhookSignatures::test_github_hmac_invalid PASSED [ 79%]
tests/test_gitops_webhooks.py::TestWebhookSignatures::test_github_missing_signature PASSED [ 82%]
tests/test_gitops_webhooks.py::TestWebhookSignatures::test_github_wrong_prefix PASSED [ 84%]
tests/test_gitops_webhooks.py::TestWebhookSignatures::test_gitlab_token_valid PASSED [ 87%]
tests/test_gitops_webhooks.py::TestWebhookSignatures::test_gitlab_token_invalid PASSED [ 89%]
tests/test_gitops_webhooks.py::TestWebhookSignatures::test_gitlab_token_missing PASSED [ 92%]
tests/test_gitops_webhooks.py::TestWebhookSignatures::test_gitea_hmac_valid PASSED [ 94%]
tests/test_gitops_webhooks.py::TestWebhookSignatures::test_gitea_hmac_invalid PASSED [ 97%]
tests/test_gitops_webhooks.py::TestWebhookSignatures::test_compare_digest_used PASSED [100%]

=============================== warnings summary ===============================
tests/test_gitops_lockdown.py::TestGitOpsLockdown::test_write_blocked_on_gitops_group
tests/test_gitops_lockdown.py::TestGitOpsLockdown::test_read_allowed_on_gitops_group
tests/test_gitops_lockdown.py::TestGitOpsLockdown::test_write_allowed_when_gitops_disabled
tests/test_gitops_lockdown.py::TestGitOpsLockdown::test_delete_blocked_on_gitops_group
tests/test_gitops_lockdown.py::TestGitOpsLockdown::test_update_blocked_on_gitops_group
  /home/dennis/priv/barricade/backend/.venv/lib/python3.12/site-packages/jwt/api_jwt.py:147: InsecureKeyLengthWarning: The HMAC key is 23 bytes long, which is below the minimum recommended length of 32 bytes for SHA256. See RFC 7518 Section 3.2.
    return self._jws.encode(

tests/test_gitops_lockdown.py::TestGitOpsLockdown::test_write_blocked_on_gitops_group
tests/test_gitops_lockdown.py::TestGitOpsLockdown::test_read_allowed_on_gitops_group
tests/test_gitops_lockdown.py::TestGitOpsLockdown::test_write_allowed_when_gitops_disabled
tests/test_gitops_lockdown.py::TestGitOpsLockdown::test_delete_blocked_on_gitops_group
tests/test_gitops_lockdown.py::TestGitOpsLockdown::test_delete_blocked_on_gitops_group
tests/test_gitops_lockdown.py::TestGitOpsLockdown::test_update_blocked_on_gitops_group
tests/test_gitops_lockdown.py::TestGitOpsLockdown::test_update_blocked_on_gitops_group
  /home/dennis/priv/barricade/backend/.venv/lib/python3.12/site-packages/jwt/api_jwt.py:365: InsecureKeyLengthWarning: The HMAC key is 23 bytes long, which is below the minimum recommended length of 32 bytes for SHA256. See RFC 7518 Section 3.2.
    decoded = self.decode_complete(

-- Docs: https://docs.pytest.org/en/stable/how-to/capture-warnings.html
======================= 39 passed, 12 warnings in 4.09s ========================
........................................................................ [ 55%]
..........................................................               [100%]
=============================== warnings summary ===============================
tests/test_audit.py: 5 warnings
tests/test_auth.py: 2 warnings
tests/test_discovery.py: 11 warnings
tests/test_drift.py: 5 warnings
tests/test_gitops_lockdown.py: 5 warnings
tests/test_groups.py: 6 warnings
tests/test_hosts.py: 4 warnings
tests/test_merge.py: 3 warnings
tests/test_rbac.py: 5 warnings
tests/test_sync.py: 4 warnings
  /home/dennis/priv/barricade/backend/.venv/lib/python3.12/site-packages/jwt/api_jwt.py:147: InsecureKeyLengthWarning: The HMAC key is 23 bytes long, which is below the minimum recommended length of 32 bytes for SHA256. See RFC 7518 Section 3.2.
    return self._jws.encode(

tests/test_audit.py: 5 warnings
tests/test_auth.py: 1 warning
tests/test_discovery.py: 11 warnings
tests/test_drift.py: 5 warnings
tests/test_gitops_lockdown.py: 7 warnings
tests/test_groups.py: 6 warnings
tests/test_hosts.py: 4 warnings
tests/test_merge.py: 3 warnings
tests/test_rbac.py: 5 warnings
tests/test_sync.py: 4 warnings
  /home/dennis/priv/barricade/backend/.venv/lib/python3.12/site-packages/jwt/api_jwt.py:365: InsecureKeyLengthWarning: The HMAC key is 23 bytes long, which is below the minimum recommended length of 32 bytes for SHA256. See RFC 7518 Section 3.2.
    decoded = self.decode_complete(

-- Docs: https://docs.pytest.org/en/stable/how-to/capture-warnings.html
130 passed, 101 warnings in 12.21s
